# JRE version: OpenJDK Runtime Environment (8.0_202-b03) (build 1.8.0_202-release-1483-b03)
# Java VM: OpenJDK 64-Bit Server VM (25.202-b03 mixed mode windows-amd64 compressed oops)
Heap:
 PSYoungGen      total 159232K, used 64293K [0x00000000e0000000, 0x00000000eb480000, 0x0000000100000000)
  eden space 139776K, 32% used [0x00000000e0000000,0x00000000e2bdbf58,0x00000000e8880000)
  from space 19456K, 99% used [0x00000000e8b80000,0x00000000e9e6d650,0x00000000e9e80000)
  to   space 22528K, 0% used [0x00000000e9e80000,0x00000000e9e80000,0x00000000eb480000)
 ParOldGen       total 283136K, used 39636K [0x00000000a0000000, 0x00000000b1480000, 0x00000000e0000000)
  object space 283136K, 13% used [0x00000000a0000000,0x00000000a26b5218,0x00000000b1480000)
 Metaspace       used 66031K, capacity 68422K, committed 68568K, reserved 1107968K
  class space    used 8641K, capacity 9186K, committed 9216K, reserved 1048576K
GC Heap History (10 events):
Event: 19.227 GC heap before
{Heap before GC invocations=10 (full 2):
 PSYoungGen      total 108544K, used 106976K [0x00000000e0000000, 0x00000000e9680000, 0x0000000100000000)
  eden space 94208K, 100% used [0x00000000e0000000,0x00000000e5c00000,0x00000000e5c00000)
  from space 14336K, 89% used [0x00000000e5c00000,0x00000000e6878250,0x00000000e6a00000)
  to   space 15360K, 0% used [0x00000000e8780000,0x00000000e8780000,0x00000000e9680000)
 ParOldGen       total 189952K, used 19931K [0x00000000a0000000, 0x00000000ab980000, 0x00000000e0000000)
  object space 189952K, 10% used [0x00000000a0000000,0x00000000a1376cd8,0x00000000ab980000)
 Metaspace       used 50537K, capacity 51856K, committed 51928K, reserved 1093632K
  class space    used 6790K, capacity 7124K, committed 7168K, reserved 1048576K
Event: 19.245 GC heap after
Heap after GC invocations=10 (full 2):
 PSYoungGen      total 136704K, used 15340K [0x00000000e0000000, 0x00000000e9d00000, 0x0000000100000000)
  eden space 121344K, 0% used [0x00000000e0000000,0x00000000e0000000,0x00000000e7680000)
  from space 15360K, 99% used [0x00000000e8780000,0x00000000e967b300,0x00000000e9680000)
  to   space 17408K, 0% used [0x00000000e7680000,0x00000000e7680000,0x00000000e8780000)
 ParOldGen       total 189952K, used 20415K [0x00000000a0000000, 0x00000000ab980000, 0x00000000e0000000)
  object space 189952K, 10% used [0x00000000a0000000,0x00000000a13efc58,0x00000000ab980000)
 Metaspace       used 50537K, capacity 51856K, committed 51928K, reserved 1093632K
  class space    used 6790K, capacity 7124K, committed 7168K, reserved 1048576K
}
Event: 21.349 GC heap before
{Heap before GC invocations=11 (full 2):
 PSYoungGen      total 136704K, used 129612K [0x00000000e0000000, 0x00000000e9d00000, 0x0000000100000000)
  eden space 121344K, 94% used [0x00000000e0000000,0x00000000e6f98020,0x00000000e7680000)
  from space 15360K, 99% used [0x00000000e8780000,0x00000000e967b300,0x00000000e9680000)
  to   space 17408K, 0% used [0x00000000e7680000,0x00000000e7680000,0x00000000e8780000)
 ParOldGen       total 189952K, used 20415K [0x00000000a0000000, 0x00000000ab980000, 0x00000000e0000000)
  object space 189952K, 10% used [0x00000000a0000000,0x00000000a13efc58,0x00000000ab980000)
 Metaspace       used 57350K, capacity 58882K, committed 59028K, reserved 1099776K
  class space    used 7666K, capacity 8068K, committed 8192K, reserved 1048576K
Event: 21.384 GC heap after
Heap after GC invocations=11 (full 2):
 PSYoungGen      total 138752K, used 17380K [0x00000000e0000000, 0x00000000ebc80000, 0x0000000100000000)
  eden space 121344K, 0% used [0x00000000e0000000,0x00000000e0000000,0x00000000e7680000)
  from space 17408K, 99% used [0x00000000e7680000,0x00000000e8779340,0x00000000e8780000)
  to   space 21504K, 0% used [0x00000000ea780000,0x00000000ea780000,0x00000000ebc80000)
 ParOldGen       total 189952K, used 26196K [0x00000000a0000000, 0x00000000ab980000, 0x00000000e0000000)
  object space 189952K, 13% used [0x00000000a0000000,0x00000000a19951e8,0x00000000ab980000)
 Metaspace       used 57350K, capacity 58882K, committed 59028K, reserved 1099776K
  class space    used 7666K, capacity 8068K, committed 8192K, reserved 1048576K
}
Event: 21.384 GC heap before
{Heap before GC invocations=12 (full 3):
 PSYoungGen      total 138752K, used 17380K [0x00000000e0000000, 0x00000000ebc80000, 0x0000000100000000)
  eden space 121344K, 0% used [0x00000000e0000000,0x00000000e0000000,0x00000000e7680000)
  from space 17408K, 99% used [0x00000000e7680000,0x00000000e8779340,0x00000000e8780000)
  to   space 21504K, 0% used [0x00000000ea780000,0x00000000ea780000,0x00000000ebc80000)
 ParOldGen       total 189952K, used 26196K [0x00000000a0000000, 0x00000000ab980000, 0x00000000e0000000)
  object space 189952K, 13% used [0x00000000a0000000,0x00000000a19951e8,0x00000000ab980000)
 Metaspace       used 57350K, capacity 58882K, committed 59028K, reserved 1099776K
  class space    used 7666K, capacity 8068K, committed 8192K, reserved 1048576K
Event: 21.674 GC heap after
Heap after GC invocations=12 (full 3):
 PSYoungGen      total 138752K, used 0K [0x00000000e0000000, 0x00000000ebc80000, 0x0000000100000000)
  eden space 121344K, 0% used [0x00000000e0000000,0x00000000e0000000,0x00000000e7680000)
  from space 17408K, 0% used [0x00000000e7680000,0x00000000e7680000,0x00000000e8780000)
  to   space 21504K, 0% used [0x00000000ea780000,0x00000000ea780000,0x00000000ebc80000)
 ParOldGen       total 283136K, used 39620K [0x00000000a0000000, 0x00000000b1480000, 0x00000000e0000000)
  object space 283136K, 13% used [0x00000000a0000000,0x00000000a26b1218,0x00000000b1480000)
 Metaspace       used 57350K, capacity 58882K, committed 59028K, reserved 1099776K
  class space    used 7666K, capacity 8068K, committed 8192K, reserved 1048576K
}
Event: 23.138 GC heap before
{Heap before GC invocations=13 (full 3):
 PSYoungGen      total 138752K, used 121344K [0x00000000e0000000, 0x00000000ebc80000, 0x0000000100000000)
  eden space 121344K, 100% used [0x00000000e0000000,0x00000000e7680000,0x00000000e7680000)
  from space 17408K, 0% used [0x00000000e7680000,0x00000000e7680000,0x00000000e8780000)
  to   space 21504K, 0% used [0x00000000ea780000,0x00000000ea780000,0x00000000ebc80000)
 ParOldGen       total 283136K, used 39620K [0x00000000a0000000, 0x00000000b1480000, 0x00000000e0000000)
  object space 283136K, 13% used [0x00000000a0000000,0x00000000a26b1218,0x00000000b1480000)
 Metaspace       used 60440K, capacity 62524K, committed 62680K, reserved 1103872K
  class space    used 8150K, capacity 8617K, committed 8704K, reserved 1048576K
Event: 23.152 GC heap after
Heap after GC invocations=13 (full 3):
 PSYoungGen      total 154624K, used 11870K [0x00000000e0000000, 0x00000000eb380000, 0x0000000100000000)
  eden space 142336K, 0% used [0x00000000e0000000,0x00000000e0000000,0x00000000e8b00000)
  from space 12288K, 96% used [0x00000000ea780000,0x00000000eb317b10,0x00000000eb380000)
  to   space 20480K, 0% used [0x00000000e8b80000,0x00000000e8b80000,0x00000000e9f80000)
 ParOldGen       total 283136K, used 39628K [0x00000000a0000000, 0x00000000b1480000, 0x00000000e0000000)
  object space 283136K, 13% used [0x00000000a0000000,0x00000000a26b3218,0x00000000b1480000)
 Metaspace       used 60440K, capacity 62524K, committed 62680K, reserved 1103872K
  class space    used 8150K, capacity 8617K, committed 8704K, reserved 1048576K
}
Event: 2168.202 GC heap before
{Heap before GC invocations=14 (full 3):
 PSYoungGen      total 154624K, used 154206K [0x00000000e0000000, 0x00000000eb380000, 0x0000000100000000)
  eden space 142336K, 100% used [0x00000000e0000000,0x00000000e8b00000,0x00000000e8b00000)
  from space 12288K, 96% used [0x00000000ea780000,0x00000000eb317b10,0x00000000eb380000)
  to   space 20480K, 0% used [0x00000000e8b80000,0x00000000e8b80000,0x00000000e9f80000)
 ParOldGen       total 283136K, used 39628K [0x00000000a0000000, 0x00000000b1480000, 0x00000000e0000000)
  object space 283136K, 13% used [0x00000000a0000000,0x00000000a26b3218,0x00000000b1480000)
 Metaspace       used 65281K, capacity 67646K, committed 67800K, reserved 1107968K
  class space    used 8546K, capacity 9110K, committed 9216K, reserved 1048576K
Event: 2168.227 GC heap after
Heap after GC invocations=14 (full 3):
 PSYoungGen      total 159232K, used 19381K [0x00000000e0000000, 0x00000000eb480000, 0x0000000100000000)
  eden space 139776K, 0% used [0x00000000e0000000,0x00000000e0000000,0x00000000e8880000)
  from space 19456K, 99% used [0x00000000e8b80000,0x00000000e9e6d650,0x00000000e9e80000)
  to   space 22528K, 0% used [0x00000000e9e80000,0x00000000e9e80000,0x00000000eb480000)
 ParOldGen       total 283136K, used 39636K [0x00000000a0000000, 0x00000000b1480000, 0x00000000e0000000)
  object space 283136K, 13% used [0x00000000a0000000,0x00000000a26b5218,0x00000000b1480000)
 Metaspace       used 65281K, capacity 67646K, committed 67800K, reserved 1107968K
  class space    used 8546K, capacity 9110K, committed 9216K, reserved 1048576K
}

